<?xml version="1.0" encoding="UTF-8"?>
<testng-results skipped="0" failed="0" ignored="0" total="3" passed="3">
  <reporter-output>
  </reporter-output>
  <suite name="Default suite" duration-ms="32" started-at="2021-04-09T06:39:08Z" finished-at="2021-04-09T06:39:08Z">
    <groups>
    </groups>
    <test name="Default test" duration-ms="32" started-at="2021-04-09T06:39:08Z" finished-at="2021-04-09T06:39:08Z">
      <class name="org.com.test2">
        <test-method status="PASS" signature="tc1()[pri:0, instance:org.com.test2@174d20a]" name="tc1" duration-ms="16" started-at="2021-04-09T12:09:08Z" finished-at="2021-04-09T12:09:08Z">
          <reporter-output>
          </reporter-output>
        </test-method> <!-- tc1 -->
        <test-method status="PASS" signature="tc2()[pri:0, instance:org.com.test2@174d20a]" name="tc2" duration-ms="0" started-at="2021-04-09T12:09:08Z" finished-at="2021-04-09T12:09:08Z">
          <reporter-output>
          </reporter-output>
        </test-method> <!-- tc2 -->
        <test-method status="PASS" signature="tc3()[pri:0, instance:org.com.test2@174d20a]" name="tc3" duration-ms="0" started-at="2021-04-09T12:09:08Z" finished-at="2021-04-09T12:09:08Z">
          <reporter-output>
          </reporter-output>
        </test-method> <!-- tc3 -->
      </class> <!-- org.com.test2 -->
    </test> <!-- Default test -->
  </suite> <!-- Default suite -->
</testng-results>
